# JRE version: Java(TM) SE Runtime Environment 18.9 (11.0.16+11) (build 11.0.16+11-LTS-199)
# Java VM: Java HotSpot(TM) 64-Bit Server VM 18.9 (11.0.16+11-LTS-199, mixed mode, tiered, compressed oops, g1 gc, windows-amd64)
Heap:
 garbage-first heap   total 315392K, used 25234K [0x0000000701a00000, 0x0000000800000000)
  region size 1024K, 11 young (11264K), 11 survivors (11264K)
 Metaspace       used 58560K, capacity 60104K, committed 60240K, reserved 1101824K
  class space    used 7768K, capacity 8379K, committed 8448K, reserved 1048576K
GC Heap History (10 events):
Event: 0.693 GC heap after
{Heap after GC invocations=1 (full 0):
 garbage-first heap   total 262144K, used 6417K [0x0000000701a00000, 0x0000000800000000)
  region size 1024K, 3 young (3072K), 3 survivors (3072K)
 Metaspace       used 11112K, capacity 11338K, committed 11520K, reserved 1058816K
  class space    used 1145K, capacity 1235K, committed 1280K, reserved 1048576K
}
Event: 1.156 GC heap before
{Heap before GC invocations=1 (full 0):
 garbage-first heap   total 262144K, used 65809K [0x0000000701a00000, 0x0000000800000000)
  region size 1024K, 62 young (63488K), 3 survivors (3072K)
 Metaspace       used 20778K, capacity 21192K, committed 21296K, reserved 1069056K
  class space    used 2465K, capacity 2641K, committed 2688K, reserved 1048576K
}
Event: 1.160 GC heap after
{Heap after GC invocations=2 (full 0):
 garbage-first heap   total 262144K, used 8913K [0x0000000701a00000, 0x0000000800000000)
  region size 1024K, 6 young (6144K), 6 survivors (6144K)
 Metaspace       used 20778K, capacity 21192K, committed 21296K, reserved 1069056K
  class space    used 2465K, capacity 2641K, committed 2688K, reserved 1048576K
}
Event: 1.924 GC heap before
{Heap before GC invocations=3 (full 0):
 garbage-first heap   total 262144K, used 68305K [0x0000000701a00000, 0x0000000800000000)
  region size 1024K, 64 young (65536K), 6 survivors (6144K)
 Metaspace       used 24799K, capacity 25494K, committed 25520K, reserved 1071104K
  class space    used 3045K, capacity 3327K, committed 3328K, reserved 1048576K
}
Event: 1.929 GC heap after
{Heap after GC invocations=4 (full 0):
 garbage-first heap   total 262144K, used 10930K [0x0000000701a00000, 0x0000000800000000)
  region size 1024K, 5 young (5120K), 5 survivors (5120K)
 Metaspace       used 24799K, capacity 25494K, committed 25520K, reserved 1071104K
  class space    used 3045K, capacity 3327K, committed 3328K, reserved 1048576K
}
Event: 3.320 GC heap before
{Heap before GC invocations=4 (full 0):
 garbage-first heap   total 262144K, used 88754K [0x0000000701a00000, 0x0000000800000000)
  region size 1024K, 82 young (83968K), 5 survivors (5120K)
 Metaspace       used 34823K, capacity 35776K, committed 35888K, reserved 1081344K
  class space    used 4451K, capacity 4882K, committed 4992K, reserved 1048576K
}
Event: 3.327 GC heap after
{Heap after GC invocations=5 (full 0):
 garbage-first heap   total 262144K, used 15201K [0x0000000701a00000, 0x0000000800000000)
  region size 1024K, 9 young (9216K), 9 survivors (9216K)
 Metaspace       used 34823K, capacity 35776K, committed 35888K, reserved 1081344K
  class space    used 4451K, capacity 4882K, committed 4992K, reserved 1048576K
}
Event: 5.928 GC heap before
{Heap before GC invocations=6 (full 0):
 garbage-first heap   total 262144K, used 159585K [0x0000000701a00000, 0x0000000800000000)
  region size 1024K, 150 young (153600K), 9 survivors (9216K)
 Metaspace       used 56869K, capacity 58390K, committed 58544K, reserved 1099776K
  class space    used 7553K, capacity 8127K, committed 8192K, reserved 1048576K
}
Event: 5.940 GC heap after
{Heap after GC invocations=7 (full 0):
 garbage-first heap   total 262144K, used 24276K [0x0000000701a00000, 0x0000000800000000)
  region size 1024K, 18 young (18432K), 18 survivors (18432K)
 Metaspace       used 56869K, capacity 58390K, committed 58544K, reserved 1099776K
  class space    used 7553K, capacity 8127K, committed 8192K, reserved 1048576K
}
Event: 52.721 GC heap before
{Heap before GC invocations=7 (full 0):
 garbage-first heap   total 262144K, used 41684K [0x0000000701a00000, 0x0000000800000000)
  region size 1024K, 37 young (37888K), 18 survivors (18432K)
 Metaspace       used 58560K, capacity 60104K, committed 60240K, reserved 1101824K
  class space    used 7768K, capacity 8379K, committed 8448K, reserved 1048576K
}

