# JRE version: Java(TM) SE Runtime Environment 18.9 (11.0.16+11) (build 11.0.16+11-LTS-199)
# Java VM: Java HotSpot(TM) 64-Bit Server VM 18.9 (11.0.16+11-LTS-199, mixed mode, tiered, compressed oops, g1 gc, windows-amd64)
Heap:
 garbage-first heap   total 262144K, used 118866K [0x00000000e0000000, 0x0000000100000000)
  region size 1024K, 98 young (100352K), 17 survivors (17408K)
 Metaspace       used 46865K, capacity 47883K, committed 48128K, reserved 296960K
  class space    used 6024K, capacity 6395K, committed 6400K, reserved 253952K
GC Heap History (10 events):
Event: 2.163 GC heap before
{Heap before GC invocations=1 (full 0):
 garbage-first heap   total 262144K, used 92737K [0x00000000e0000000, 0x0000000100000000)
  region size 1024K, 87 young (89088K), 3 survivors (3072K)
 Metaspace       used 20691K, capacity 21197K, committed 21248K, reserved 272384K
  class space    used 2613K, capacity 2786K, committed 2816K, reserved 253952K
}
Event: 2.170 GC heap after
{Heap after GC invocations=2 (full 0):
 garbage-first heap   total 262144K, used 16278K [0x00000000e0000000, 0x0000000100000000)
  region size 1024K, 11 young (11264K), 11 survivors (11264K)
 Metaspace       used 20691K, capacity 21197K, committed 21248K, reserved 272384K
  class space    used 2613K, capacity 2786K, committed 2816K, reserved 253952K
}
Event: 2.892 GC heap before
{Heap before GC invocations=3 (full 0):
 garbage-first heap   total 262144K, used 69526K [0x00000000e0000000, 0x0000000100000000)
  region size 1024K, 61 young (62464K), 11 survivors (11264K)
 Metaspace       used 30692K, capacity 31273K, committed 31488K, reserved 282624K
  class space    used 3821K, capacity 4055K, committed 4096K, reserved 253952K
}
Event: 2.899 GC heap after
{Heap after GC invocations=4 (full 0):
 garbage-first heap   total 262144K, used 20212K [0x00000000e0000000, 0x0000000100000000)
  region size 1024K, 5 young (5120K), 5 survivors (5120K)
 Metaspace       used 30692K, capacity 31273K, committed 31488K, reserved 282624K
  class space    used 3821K, capacity 4055K, committed 4096K, reserved 253952K
}
Event: 3.373 GC heap before
{Heap before GC invocations=4 (full 0):
 garbage-first heap   total 262144K, used 56052K [0x00000000e0000000, 0x0000000100000000)
  region size 1024K, 42 young (43008K), 5 survivors (5120K)
 Metaspace       used 35054K, capacity 35737K, committed 35840K, reserved 286720K
  class space    used 4378K, capacity 4643K, committed 4736K, reserved 253952K
}
Event: 3.378 GC heap after
{Heap after GC invocations=5 (full 0):
 garbage-first heap   total 262144K, used 21955K [0x00000000e0000000, 0x0000000100000000)
  region size 1024K, 6 young (6144K), 6 survivors (6144K)
 Metaspace       used 35054K, capacity 35737K, committed 35840K, reserved 286720K
  class space    used 4378K, capacity 4643K, committed 4736K, reserved 253952K
}
Event: 4.546 GC heap before
{Heap before GC invocations=6 (full 0):
 garbage-first heap   total 262144K, used 129475K [0x00000000e0000000, 0x0000000100000000)
  region size 1024K, 111 young (113664K), 6 survivors (6144K)
 Metaspace       used 43691K, capacity 44682K, committed 44800K, reserved 292864K
  class space    used 5759K, capacity 6126K, committed 6144K, reserved 253952K
}
Event: 4.554 GC heap after
{Heap after GC invocations=7 (full 0):
 garbage-first heap   total 262144K, used 26963K [0x00000000e0000000, 0x0000000100000000)
  region size 1024K, 11 young (11264K), 11 survivors (11264K)
 Metaspace       used 43691K, capacity 44682K, committed 44800K, reserved 292864K
  class space    used 5759K, capacity 6126K, committed 6144K, reserved 253952K
}
Event: 5.786 GC heap before
{Heap before GC invocations=7 (full 0):
 garbage-first heap   total 262144K, used 154963K [0x00000000e0000000, 0x0000000100000000)
  region size 1024K, 136 young (139264K), 11 survivors (11264K)
 Metaspace       used 46524K, capacity 47473K, committed 47616K, reserved 296960K
  class space    used 6018K, capacity 6389K, committed 6400K, reserved 253952K
}
Event: 5.802 GC heap after
{Heap after GC invocations=8 (full 0):
 garbage-first heap   total 262144K, used 36946K [0x00000000e0000000, 0x0000000100000000)
  region size 1024K, 17 young (17408K), 17 survivors (17408K)
 Metaspace       used 46524K, capacity 47473K, committed 47616K, reserved 296960K
  class space    used 6018K, capacity 6389K, committed 6400K, reserved 253952K
}

